\BOOKMARK [-1][]{ctitle.-1}{\376\377\127\372\116\216\000M\000L\000I\000R\166\204\000T\000r\000a\000n\000s\000f\000o\000r\000m\000e\000r\152\041\127\213\121\163\225\056\173\227\133\120\201\352\122\250\116\343\170\001\165\037\142\020\166\204\170\024\172\166}{}% 1
\BOOKMARK [0][]{section*.2}{\376\377\144\130\000\040\211\201}{ctitle.-1}% 2
\BOOKMARK [0][]{section*.4}{\376\377\000A\000b\000s\000t\000r\000a\000c\000t}{ctitle.-1}% 3
\BOOKMARK [0][]{section*.6}{\376\377\166\356\000\040\000\040\000\040\000\040\137\125}{ctitle.-1}% 4
\BOOKMARK [0][]{section*.8}{\376\377\143\322\126\376\175\042\137\025}{ctitle.-1}% 5
\BOOKMARK [0][]{section*.10}{\376\377\226\104\210\150\175\042\137\025}{ctitle.-1}% 6
\BOOKMARK [0][]{section*.12}{\376\377\0001\000\040\176\352\213\272}{ctitle.-1}% 7
\BOOKMARK [1][]{section*.13}{\376\377\0001\000.\0001\000\040\170\024\172\166\200\314\146\157\123\312\141\017\116\111}{section*.12}% 8
\BOOKMARK [1][]{section*.14}{\376\377\0001\000.\0002\000\040\126\375\121\205\131\026\170\024\172\166\163\260\162\266}{section*.12}% 9
\BOOKMARK [2][]{section*.15}{\376\377\0001\000.\0002\000.\0001\000\040\000T\000r\000a\000n\000s\000f\000o\000r\000m\000e\000r\000\040\152\041\127\213\123\312\121\166\121\163\225\056\173\227\133\120\117\030\123\026\157\024\217\333}{section*.14}% 10
\BOOKMARK [2][]{section*.18}{\376\377\0001\000.\0002\000.\0002\000\040\163\260\147\011\155\361\136\246\133\146\116\140\177\026\213\321\126\150\166\204\142\200\147\057\215\357\137\204\116\016\134\100\226\120}{section*.14}% 11
\BOOKMARK [2][]{section*.21}{\376\377\0001\000.\0002\000.\0003\000\040\170\154\116\366\123\202\125\106\232\330\140\047\200\375\136\223\166\204\117\235\215\126\116\016\143\021\142\030}{section*.14}% 12
\BOOKMARK [1][]{section*.23}{\376\377\0001\000.\0003\000\040\213\272\145\207\116\073\211\201\170\024\172\166\121\205\133\271}{section*.12}% 13
\BOOKMARK [1][]{section*.24}{\376\377\0001\000.\0004\000\040\147\054\145\207\172\340\202\202\133\211\143\222}{section*.12}% 14
\BOOKMARK [0][]{section*.25}{\376\377\0002\000\040\166\370\121\163\167\345\213\306\123\312\164\006\213\272\116\313\176\315}{ctitle.-1}% 15
\BOOKMARK [1][]{section*.26}{\376\377\0002\000.\0001\000\040\137\002\147\204\213\241\173\227\122\240\220\037\136\163\123\360}{section*.25}% 16
\BOOKMARK [2][]{section*.27}{\376\377\0002\000.\0001\000.\0001\000\040\137\002\147\204\213\241\173\227\151\202\217\360}{section*.26}% 17
\BOOKMARK [2][]{section*.28}{\376\377\0002\000.\0001\000.\0002\000\040\000N\000V\000I\000D\000I\000A\000\040\000G\000P\000U\147\266\147\204\123\312\177\026\172\013\152\041\127\213}{section*.26}% 18
\BOOKMARK [2][]{section*.32}{\376\377\0002\000.\0001\000.\0003\000\040\155\167\121\111\000D\000C\000U\147\266\147\204\123\312\177\026\172\013\152\041\127\213}{section*.26}% 19
\BOOKMARK [1][]{section*.34}{\376\377\0002\000.\0002\000\040\000T\000r\000a\000n\000s\000f\000o\000r\000m\000e\000r\152\041\127\213\147\266\147\204\116\016\213\241\173\227\162\171\140\047}{section*.25}% 20
\BOOKMARK [2][]{section*.35}{\376\377\0002\000.\0002\000.\0001\000\040\000T\000r\000a\000n\000s\000f\000o\000r\000m\000e\000r\147\266\147\204\176\374\217\360}{section*.34}% 21
\BOOKMARK [2][]{section*.37}{\376\377\0002\000.\0002\000.\0002\000\040\152\041\127\213\121\163\225\056\173\227\133\120\116\313\176\315}{section*.34}% 22
\BOOKMARK [1][]{section*.39}{\376\377\0002\000.\0003\000\040\147\072\126\150\133\146\116\140\177\026\213\321\116\016\000M\000L\000I\000R\127\372\170\100}{section*.25}% 23
\BOOKMARK [2][]{section*.40}{\376\377\0002\000.\0003\000.\0001\000\040\147\072\126\150\133\146\116\140\177\026\213\321\126\150\151\202\217\360}{section*.39}% 24
\BOOKMARK [2][]{section*.42}{\376\377\0002\000.\0003\000.\0002\000\040\000M\000L\000I\000R\150\070\137\303\213\276\213\241\123\237\164\006}{section*.39}% 25
\BOOKMARK [2][]{section*.44}{\376\377\0002\000.\0003\000.\0003\000\040\127\372\116\216\000M\000L\000I\000R\166\204\116\343\170\001\165\037\142\020\155\101\172\013}{section*.39}% 26
\BOOKMARK [1][]{section*.46}{\376\377\0002\000.\0004\000\040\147\054\172\340\134\017\176\323}{section*.25}% 27
\BOOKMARK [0][]{section*.47}{\376\377\0003\000\040\000T\000r\000a\000n\000s\000f\000o\000r\000m\000e\000r\152\041\127\213\121\163\225\056\173\227\133\120\166\204\116\343\170\001\165\037\142\020}{ctitle.-1}% 28
\BOOKMARK [1][]{section*.48}{\376\377\0003\000.\0001\000\040\137\025\212\000}{section*.47}% 29
\BOOKMARK [1][]{section*.50}{\376\377\0003\000.\0002\000\040\227\142\124\021\170\154\116\366\134\102\153\041\176\323\147\204\166\204\131\032\176\247\000I\000R\213\276\213\241\116\016\217\154\143\142}{section*.47}% 30
\BOOKMARK [2][]{section*.51}{\376\377\0003\000.\0002\000.\0001\000\040\173\227\133\120\166\204\213\241\173\227\136\372\152\041}{section*.50}% 31
\BOOKMARK [2][]{section*.55}{\376\377\0003\000.\0002\000.\0002\000\040\000I\000R\226\115\176\247\117\341\140\157\143\250\145\255\173\227\154\325}{section*.50}% 32
\BOOKMARK [2][]{section*.60}{\376\377\0003\000.\0002\000.\0003\000\040\000I\000R\226\115\176\247\217\154\143\142}{section*.50}% 33
\BOOKMARK [1][]{section*.66}{\376\377\0003\000.\0003\000\040\121\163\225\056\173\227\133\120\166\204\232\330\140\047\200\375\117\030\123\026\000p\000a\000s\000s\226\306\124\010}{section*.47}% 34
\BOOKMARK [2][]{section*.68}{\376\377\0003\000.\0003\000.\0001\000\040\167\351\226\065\116\130\154\325\116\016\000A\000t\000t\000e\000n\000t\000i\000o\000n\117\030\123\026\122\006\147\220}{section*.66}% 35
\BOOKMARK [2][]{section*.71}{\376\377\0003\000.\0003\000.\0002\000\040\000S\000o\000f\000t\000w\000a\000r\000e\000\040\000P\000i\000p\000e\000l\000i\000n\000e\377\032\217\157\116\366\155\101\154\064\176\277\117\030\123\026}{section*.66}% 36
\BOOKMARK [2][]{section*.78}{\376\377\0003\000.\0003\000.\0003\000\040\000L\000o\000c\000a\000l\000\040\000S\000p\000l\000i\000t\000\040\000K\377\032\131\026\171\357\211\304\176\246\217\164\136\166\210\114\117\030\123\026}{section*.66}% 37
\BOOKMARK [2][]{section*.83}{\376\377\0003\000.\0003\000.\0004\000\040\000B\000l\000o\000c\000k\000\040\000S\000w\000i\000z\000z\000l\000e\377\032\176\277\172\013\127\127\213\277\133\130\221\315\143\222\117\030\123\026}{section*.66}% 38
\BOOKMARK [2][]{section*.87}{\376\377\0003\000.\0003\000.\0005\000\040\000A\000c\000c\000e\000s\000s\000\040\000S\000c\000a\000t\000t\000e\000r\377\032\171\273\145\143\123\026\213\277\133\130\117\030\123\026}{section*.66}% 39
\BOOKMARK [1][]{section*.92}{\376\377\0003\000.\0004\000\040\127\372\116\216\172\172\225\364\122\152\147\235\166\204\201\352\122\250\214\003\117\030\150\106\147\266\213\276\213\241}{section*.47}% 40
\BOOKMARK [2][]{section*.93}{\376\377\0003\000.\0004\000.\0001\000\040\214\003\117\030\150\106\147\266\166\204\213\276\213\241}{section*.92}% 41
\BOOKMARK [2][]{section*.96}{\376\377\0003\000.\0004\000.\0002\000\040\214\003\117\030\172\172\225\364\123\302\145\160\166\204\213\276\177\156\116\016\133\232\116\111}{section*.92}% 42
\BOOKMARK [2][]{section*.100}{\376\377\0003\000.\0004\000.\0003\000\040\144\034\175\042\172\172\225\364\122\152\147\235\173\126\165\145}{section*.92}% 43
\BOOKMARK [1][]{section*.102}{\376\377\0003\000.\0005\000\040\147\054\172\340\134\017\176\323}{section*.47}% 44
\BOOKMARK [0][]{section*.103}{\376\377\0004\000\040\133\236\232\214\176\323\147\234}{ctitle.-1}% 45
\BOOKMARK [1][]{section*.104}{\376\377\0004\000.\0001\000\040\133\236\232\214\213\276\177\156}{section*.103}% 46
\BOOKMARK [1][]{section*.106}{\376\377\0004\000.\0002\000\040\167\351\226\065\116\130\154\325\173\227\133\120\116\343\170\001\165\037\142\020\155\113\213\325}{section*.103}% 47
\BOOKMARK [1][]{section*.107}{\376\377\0004\000.\0003\000\040\154\350\141\017\122\233\147\072\122\066\116\343\170\001\165\037\142\020\155\113\213\325}{section*.103}% 48
\BOOKMARK [1][]{section*.108}{\376\377\0004\000.\0004\000\040\213\241\173\227\174\276\170\156\136\246\232\214\213\301}{section*.103}% 49
\BOOKMARK [1][]{section*.109}{\376\377\0004\000.\0005\000\040\172\357\122\060\172\357\143\250\164\006\140\047\200\375\155\113\213\325}{section*.103}% 50
\BOOKMARK [0][]{section*.110}{\376\377\0005\000\040\140\073\176\323\116\016\134\125\147\033}{ctitle.-1}% 51
\BOOKMARK [1][]{section*.111}{\376\377\0005\000.\0001\000\040\140\073\176\323}{section*.110}% 52
\BOOKMARK [1][]{section*.112}{\376\377\0005\000.\0002\000\040\134\125\147\033}{section*.110}% 53
\BOOKMARK [0][]{section*.114}{\376\377\123\302\200\003\145\207\163\056}{ctitle.-1}% 54
\BOOKMARK [0][]{section*.116}{\376\377\201\364\000\040\214\042}{ctitle.-1}% 55
\BOOKMARK [0][]{section*.118}{\376\377\226\104\137\125\000A\000\040\000\040\145\073\213\373\170\125\130\353\133\146\117\115\147\037\225\364\123\321\210\150\166\204\133\146\147\057\213\272\145\207}{ctitle.-1}% 56
